[2025-09-02T02:00:35.820+0000] {processor.py:157} INFO - Started process (PID=211) to work on /opt/airflow/dags/intermediate_dag.py
[2025-09-02T02:00:35.821+0000] {processor.py:829} INFO - Processing file /opt/airflow/dags/intermediate_dag.py for tasks to queue
[2025-09-02T02:00:35.822+0000] {logging_mixin.py:154} INFO - [2025-09-02T02:00:35.822+0000] {dagbag.py:536} INFO - Filling up the DagBag from /opt/airflow/dags/intermediate_dag.py
[2025-09-02T02:00:35.836+0000] {processor.py:839} INFO - DAG(s) dict_keys(['data_pipeline_dag']) retrieved from /opt/airflow/dags/intermediate_dag.py
[2025-09-02T02:00:36.060+0000] {logging_mixin.py:154} INFO - [2025-09-02T02:00:36.060+0000] {manager.py:499} INFO - Created Permission View: %s
[2025-09-02T02:00:36.075+0000] {logging_mixin.py:154} INFO - [2025-09-02T02:00:36.075+0000] {manager.py:499} INFO - Created Permission View: %s
[2025-09-02T02:00:36.082+0000] {logging_mixin.py:154} INFO - [2025-09-02T02:00:36.082+0000] {manager.py:499} INFO - Created Permission View: %s
[2025-09-02T02:00:36.082+0000] {logging_mixin.py:154} INFO - [2025-09-02T02:00:36.082+0000] {dag.py:2941} INFO - Sync 1 DAGs
[2025-09-02T02:00:36.097+0000] {logging_mixin.py:154} INFO - [2025-09-02T02:00:36.097+0000] {dag.py:2963} INFO - Creating ORM DAG for data_pipeline_dag
[2025-09-02T02:00:36.109+0000] {logging_mixin.py:154} INFO - [2025-09-02T02:00:36.108+0000] {dag.py:3722} INFO - Setting next_dagrun for data_pipeline_dag to 2025-09-01T02:00:36.108596+00:00, run_after=2025-09-02T02:00:36.108596+00:00
[2025-09-02T02:00:36.135+0000] {processor.py:179} INFO - Processing /opt/airflow/dags/intermediate_dag.py took 0.319 seconds
[2025-09-02T02:01:06.947+0000] {processor.py:157} INFO - Started process (PID=221) to work on /opt/airflow/dags/intermediate_dag.py
[2025-09-02T02:01:06.948+0000] {processor.py:829} INFO - Processing file /opt/airflow/dags/intermediate_dag.py for tasks to queue
[2025-09-02T02:01:06.949+0000] {logging_mixin.py:154} INFO - [2025-09-02T02:01:06.948+0000] {dagbag.py:536} INFO - Filling up the DagBag from /opt/airflow/dags/intermediate_dag.py
[2025-09-02T02:01:06.960+0000] {processor.py:839} INFO - DAG(s) dict_keys(['data_pipeline_dag']) retrieved from /opt/airflow/dags/intermediate_dag.py
[2025-09-02T02:01:06.991+0000] {logging_mixin.py:154} INFO - [2025-09-02T02:01:06.991+0000] {dag.py:2941} INFO - Sync 1 DAGs
[2025-09-02T02:01:07.018+0000] {logging_mixin.py:154} INFO - [2025-09-02T02:01:07.017+0000] {dag.py:3722} INFO - Setting next_dagrun for data_pipeline_dag to 2025-09-01T02:01:07.017601+00:00, run_after=2025-09-02T02:01:07.017601+00:00
[2025-09-02T02:01:07.036+0000] {processor.py:179} INFO - Processing /opt/airflow/dags/intermediate_dag.py took 0.092 seconds
[2025-09-02T02:01:37.170+0000] {processor.py:157} INFO - Started process (PID=231) to work on /opt/airflow/dags/intermediate_dag.py
[2025-09-02T02:01:37.171+0000] {processor.py:829} INFO - Processing file /opt/airflow/dags/intermediate_dag.py for tasks to queue
[2025-09-02T02:01:37.172+0000] {logging_mixin.py:154} INFO - [2025-09-02T02:01:37.172+0000] {dagbag.py:536} INFO - Filling up the DagBag from /opt/airflow/dags/intermediate_dag.py
[2025-09-02T02:01:37.184+0000] {processor.py:839} INFO - DAG(s) dict_keys(['data_pipeline_dag']) retrieved from /opt/airflow/dags/intermediate_dag.py
[2025-09-02T02:01:37.214+0000] {logging_mixin.py:154} INFO - [2025-09-02T02:01:37.213+0000] {dag.py:2941} INFO - Sync 1 DAGs
[2025-09-02T02:01:37.241+0000] {logging_mixin.py:154} INFO - [2025-09-02T02:01:37.240+0000] {dag.py:3722} INFO - Setting next_dagrun for data_pipeline_dag to 2025-09-01T02:01:37.240507+00:00, run_after=2025-09-02T02:01:37.240507+00:00
[2025-09-02T02:01:37.275+0000] {processor.py:179} INFO - Processing /opt/airflow/dags/intermediate_dag.py took 0.108 seconds
