[2025-09-02T01:08:53.276+0000] {manager.py:487} INFO - Processing files using up to 2 processes at a time 
[2025-09-02T01:08:53.277+0000] {manager.py:488} INFO - Process each file at most once every 30 seconds
[2025-09-02T01:08:53.277+0000] {manager.py:489} INFO - Checking for new files in /opt/airflow/dags every 300 seconds
[2025-09-02T01:08:53.278+0000] {manager.py:755} INFO - Searching for files in /opt/airflow/dags
[2025-09-02T01:08:53.282+0000] {manager.py:758} INFO - There are 1 files in /opt/airflow/dags
[2025-09-02T01:08:53.560+0000] {manager.py:887} INFO - 
================================================================================
DAG File Processing Stats

File Path                           PID  Runtime      # DAGs    # Errors  Last Runtime    Last Run
--------------------------------  -----  ---------  --------  ----------  --------------  ----------
/opt/airflow/dags/example_dag.py    159  0.16s             0           0
================================================================================
[2025-09-02T01:09:23.679+0000] {manager.py:887} INFO - 
================================================================================
DAG File Processing Stats

File Path                         PID    Runtime      # DAGs    # Errors  Last Runtime    Last Run
--------------------------------  -----  ---------  --------  ----------  --------------  -------------------
/opt/airflow/dags/example_dag.py                           1           0  0.67s           2025-09-02T01:08:54
================================================================================
[2025-09-02T01:09:54.313+0000] {manager.py:887} INFO - 
================================================================================
DAG File Processing Stats

File Path                         PID    Runtime      # DAGs    # Errors  Last Runtime    Last Run
--------------------------------  -----  ---------  --------  ----------  --------------  -------------------
/opt/airflow/dags/example_dag.py                           1           0  0.16s           2025-09-02T01:09:24
================================================================================
[2025-09-02T01:10:24.577+0000] {manager.py:887} INFO - 
================================================================================
DAG File Processing Stats

File Path                           PID  Runtime      # DAGs    # Errors  Last Runtime    Last Run
--------------------------------  -----  ---------  --------  ----------  --------------  -------------------
/opt/airflow/dags/example_dag.py    175  0.01s             1           0  0.10s           2025-09-02T01:09:54
================================================================================
[2025-09-02T01:10:54.762+0000] {manager.py:887} INFO - 
================================================================================
DAG File Processing Stats

File Path                           PID  Runtime      # DAGs    # Errors  Last Runtime    Last Run
--------------------------------  -----  ---------  --------  ----------  --------------  -------------------
/opt/airflow/dags/example_dag.py    180  0.00s             1           0  0.10s           2025-09-02T01:10:24
================================================================================
[2025-09-02T01:11:24.878+0000] {manager.py:887} INFO - 
================================================================================
DAG File Processing Stats

File Path                           PID  Runtime      # DAGs    # Errors  Last Runtime    Last Run
--------------------------------  -----  ---------  --------  ----------  --------------  -------------------
/opt/airflow/dags/example_dag.py    185  0.00s             1           0  0.11s           2025-09-02T01:10:54
================================================================================
[2025-09-02T01:11:55.069+0000] {manager.py:887} INFO - 
================================================================================
DAG File Processing Stats

File Path                           PID  Runtime      # DAGs    # Errors  Last Runtime    Last Run
--------------------------------  -----  ---------  --------  ----------  --------------  -------------------
/opt/airflow/dags/example_dag.py    190  0.00s             1           0  0.10s           2025-09-02T01:11:24
================================================================================
[2025-09-02T01:12:25.190+0000] {manager.py:887} INFO - 
================================================================================
DAG File Processing Stats

File Path                           PID  Runtime      # DAGs    # Errors  Last Runtime    Last Run
--------------------------------  -----  ---------  --------  ----------  --------------  -------------------
/opt/airflow/dags/example_dag.py    195  0.00s             1           0  0.09s           2025-09-02T01:11:55
================================================================================
[2025-09-02T01:12:55.356+0000] {manager.py:887} INFO - 
================================================================================
DAG File Processing Stats

File Path                           PID  Runtime      # DAGs    # Errors  Last Runtime    Last Run
--------------------------------  -----  ---------  --------  ----------  --------------  -------------------
/opt/airflow/dags/example_dag.py    200  0.00s             1           0  0.09s           2025-09-02T01:12:25
================================================================================
[2025-09-02T01:13:25.479+0000] {manager.py:887} INFO - 
================================================================================
DAG File Processing Stats

File Path                           PID  Runtime      # DAGs    # Errors  Last Runtime    Last Run
--------------------------------  -----  ---------  --------  ----------  --------------  -------------------
/opt/airflow/dags/example_dag.py    205  0.00s             1           0  0.09s           2025-09-02T01:12:55
================================================================================
[2025-09-02T01:13:53.631+0000] {manager.py:755} INFO - Searching for files in /opt/airflow/dags
[2025-09-02T01:13:53.632+0000] {manager.py:758} INFO - There are 1 files in /opt/airflow/dags
[2025-09-02T01:13:55.661+0000] {manager.py:887} INFO - 
================================================================================
DAG File Processing Stats

File Path                           PID  Runtime      # DAGs    # Errors  Last Runtime    Last Run
--------------------------------  -----  ---------  --------  ----------  --------------  -------------------
/opt/airflow/dags/example_dag.py    210  0.01s             1           0  0.09s           2025-09-02T01:13:25
================================================================================
[2025-09-02T01:14:25.782+0000] {manager.py:887} INFO - 
================================================================================
DAG File Processing Stats

File Path                           PID  Runtime      # DAGs    # Errors  Last Runtime    Last Run
--------------------------------  -----  ---------  --------  ----------  --------------  -------------------
/opt/airflow/dags/example_dag.py    215  0.00s             1           0  0.10s           2025-09-02T01:13:55
================================================================================
[2025-09-02T01:14:55.959+0000] {manager.py:887} INFO - 
================================================================================
DAG File Processing Stats

File Path                           PID  Runtime      # DAGs    # Errors  Last Runtime    Last Run
--------------------------------  -----  ---------  --------  ----------  --------------  -------------------
/opt/airflow/dags/example_dag.py    220  0.01s             1           0  0.09s           2025-09-02T01:14:25
================================================================================
[2025-09-02T01:15:26.083+0000] {manager.py:887} INFO - 
================================================================================
DAG File Processing Stats

File Path                           PID  Runtime      # DAGs    # Errors  Last Runtime    Last Run
--------------------------------  -----  ---------  --------  ----------  --------------  -------------------
/opt/airflow/dags/example_dag.py    225  0.00s             1           0  0.11s           2025-09-02T01:14:56
================================================================================
[2025-09-02T01:15:56.248+0000] {manager.py:887} INFO - 
================================================================================
DAG File Processing Stats

File Path                           PID  Runtime      # DAGs    # Errors  Last Runtime    Last Run
--------------------------------  -----  ---------  --------  ----------  --------------  -------------------
/opt/airflow/dags/example_dag.py    230  0.00s             1           0  0.09s           2025-09-02T01:15:26
================================================================================
[2025-09-02T01:16:26.366+0000] {manager.py:887} INFO - 
================================================================================
DAG File Processing Stats

File Path                           PID  Runtime      # DAGs    # Errors  Last Runtime    Last Run
--------------------------------  -----  ---------  --------  ----------  --------------  -------------------
/opt/airflow/dags/example_dag.py    235  0.01s             1           0  0.09s           2025-09-02T01:15:56
================================================================================
[2025-09-02T01:16:56.532+0000] {manager.py:887} INFO - 
================================================================================
DAG File Processing Stats

File Path                           PID  Runtime      # DAGs    # Errors  Last Runtime    Last Run
--------------------------------  -----  ---------  --------  ----------  --------------  -------------------
/opt/airflow/dags/example_dag.py    240  0.00s             1           0  0.09s           2025-09-02T01:16:26
================================================================================
[2025-09-02T01:17:26.647+0000] {manager.py:887} INFO - 
================================================================================
DAG File Processing Stats

File Path                           PID  Runtime      # DAGs    # Errors  Last Runtime    Last Run
--------------------------------  -----  ---------  --------  ----------  --------------  -------------------
/opt/airflow/dags/example_dag.py    245  0.00s             1           0  0.09s           2025-09-02T01:16:56
================================================================================
[2025-09-02T01:17:56.811+0000] {manager.py:887} INFO - 
================================================================================
DAG File Processing Stats

File Path                           PID  Runtime      # DAGs    # Errors  Last Runtime    Last Run
--------------------------------  -----  ---------  --------  ----------  --------------  -------------------
/opt/airflow/dags/example_dag.py    250  0.00s             1           0  0.11s           2025-09-02T01:17:26
================================================================================
[2025-09-02T01:18:26.939+0000] {manager.py:887} INFO - 
================================================================================
DAG File Processing Stats

File Path                           PID  Runtime      # DAGs    # Errors  Last Runtime    Last Run
--------------------------------  -----  ---------  --------  ----------  --------------  -------------------
/opt/airflow/dags/example_dag.py    255  0.00s             1           0  0.09s           2025-09-02T01:17:56
================================================================================
[2025-09-02T01:18:54.067+0000] {manager.py:755} INFO - Searching for files in /opt/airflow/dags
[2025-09-02T01:18:54.068+0000] {manager.py:758} INFO - There are 1 files in /opt/airflow/dags
[2025-09-02T01:18:57.095+0000] {manager.py:887} INFO - 
================================================================================
DAG File Processing Stats

File Path                           PID  Runtime      # DAGs    # Errors  Last Runtime    Last Run
--------------------------------  -----  ---------  --------  ----------  --------------  -------------------
/opt/airflow/dags/example_dag.py    267  0.00s             1           0  0.09s           2025-09-02T01:18:27
================================================================================
[2025-09-02T01:19:27.217+0000] {manager.py:887} INFO - 
================================================================================
DAG File Processing Stats

File Path                           PID  Runtime      # DAGs    # Errors  Last Runtime    Last Run
--------------------------------  -----  ---------  --------  ----------  --------------  -------------------
/opt/airflow/dags/example_dag.py    272  0.00s             1           0  0.09s           2025-09-02T01:18:57
================================================================================
[2025-09-02T01:19:57.402+0000] {manager.py:887} INFO - 
================================================================================
DAG File Processing Stats

File Path                           PID  Runtime      # DAGs    # Errors  Last Runtime    Last Run
--------------------------------  -----  ---------  --------  ----------  --------------  -------------------
/opt/airflow/dags/example_dag.py    284  0.01s             1           0  0.10s           2025-09-02T01:19:27
================================================================================
[2025-09-02T01:20:27.598+0000] {manager.py:887} INFO - 
================================================================================
DAG File Processing Stats

File Path                           PID  Runtime      # DAGs    # Errors  Last Runtime    Last Run
--------------------------------  -----  ---------  --------  ----------  --------------  -------------------
/opt/airflow/dags/example_dag.py    291  0.01s             1           0  0.10s           2025-09-02T01:19:57
================================================================================
[2025-09-02T01:20:57.766+0000] {manager.py:887} INFO - 
================================================================================
DAG File Processing Stats

File Path                           PID  Runtime      # DAGs    # Errors  Last Runtime    Last Run
--------------------------------  -----  ---------  --------  ----------  --------------  -------------------
/opt/airflow/dags/example_dag.py    308  0.00s             1           0  0.17s           2025-09-02T01:20:27
================================================================================
[2025-09-02T01:21:27.888+0000] {manager.py:887} INFO - 
================================================================================
DAG File Processing Stats

File Path                           PID  Runtime      # DAGs    # Errors  Last Runtime    Last Run
--------------------------------  -----  ---------  --------  ----------  --------------  -------------------
/opt/airflow/dags/example_dag.py    313  0.00s             1           0  0.09s           2025-09-02T01:20:57
================================================================================
[2025-09-02T01:21:58.064+0000] {manager.py:887} INFO - 
================================================================================
DAG File Processing Stats

File Path                           PID  Runtime      # DAGs    # Errors  Last Runtime    Last Run
--------------------------------  -----  ---------  --------  ----------  --------------  -------------------
/opt/airflow/dags/example_dag.py    318  0.00s             1           0  0.09s           2025-09-02T01:21:27
================================================================================
[2025-09-02T01:22:28.181+0000] {manager.py:887} INFO - 
================================================================================
DAG File Processing Stats

File Path                           PID  Runtime      # DAGs    # Errors  Last Runtime    Last Run
--------------------------------  -----  ---------  --------  ----------  --------------  -------------------
/opt/airflow/dags/example_dag.py    323  0.00s             1           0  0.08s           2025-09-02T01:21:58
================================================================================
[2025-09-02T01:22:58.337+0000] {manager.py:887} INFO - 
================================================================================
DAG File Processing Stats

File Path                           PID  Runtime      # DAGs    # Errors  Last Runtime    Last Run
--------------------------------  -----  ---------  --------  ----------  --------------  -------------------
/opt/airflow/dags/example_dag.py    328  0.01s             1           0  0.08s           2025-09-02T01:22:28
================================================================================
[2025-09-02T01:23:28.470+0000] {manager.py:887} INFO - 
================================================================================
DAG File Processing Stats

File Path                           PID  Runtime      # DAGs    # Errors  Last Runtime    Last Run
--------------------------------  -----  ---------  --------  ----------  --------------  -------------------
/opt/airflow/dags/example_dag.py    333  0.00s             1           0  0.11s           2025-09-02T01:22:58
================================================================================
[2025-09-02T01:23:54.597+0000] {manager.py:755} INFO - Searching for files in /opt/airflow/dags
[2025-09-02T01:23:54.599+0000] {manager.py:758} INFO - There are 1 files in /opt/airflow/dags
[2025-09-02T01:23:58.626+0000] {manager.py:887} INFO - 
================================================================================
DAG File Processing Stats

File Path                           PID  Runtime      # DAGs    # Errors  Last Runtime    Last Run
--------------------------------  -----  ---------  --------  ----------  --------------  -------------------
/opt/airflow/dags/example_dag.py    338  0.00s             1           0  0.08s           2025-09-02T01:23:28
================================================================================
[2025-09-02T01:24:28.743+0000] {manager.py:887} INFO - 
================================================================================
DAG File Processing Stats

File Path                           PID  Runtime      # DAGs    # Errors  Last Runtime    Last Run
--------------------------------  -----  ---------  --------  ----------  --------------  -------------------
/opt/airflow/dags/example_dag.py    343  0.00s             1           0  0.09s           2025-09-02T01:23:58
================================================================================
[2025-09-02T01:24:58.901+0000] {manager.py:887} INFO - 
================================================================================
DAG File Processing Stats

File Path                           PID  Runtime      # DAGs    # Errors  Last Runtime    Last Run
--------------------------------  -----  ---------  --------  ----------  --------------  -------------------
/opt/airflow/dags/example_dag.py    348  0.00s             1           0  0.09s           2025-09-02T01:24:28
================================================================================
[2025-09-02T01:25:29.019+0000] {manager.py:887} INFO - 
================================================================================
DAG File Processing Stats

File Path                           PID  Runtime      # DAGs    # Errors  Last Runtime    Last Run
--------------------------------  -----  ---------  --------  ----------  --------------  -------------------
/opt/airflow/dags/example_dag.py    353  0.00s             1           0  0.11s           2025-09-02T01:24:59
================================================================================
[2025-09-02T01:25:59.199+0000] {manager.py:887} INFO - 
================================================================================
DAG File Processing Stats

File Path                           PID  Runtime      # DAGs    # Errors  Last Runtime    Last Run
--------------------------------  -----  ---------  --------  ----------  --------------  -------------------
/opt/airflow/dags/example_dag.py    358  0.00s             1           0  0.09s           2025-09-02T01:25:29
================================================================================
[2025-09-02T01:26:29.315+0000] {manager.py:887} INFO - 
================================================================================
DAG File Processing Stats

File Path                           PID  Runtime      # DAGs    # Errors  Last Runtime    Last Run
--------------------------------  -----  ---------  --------  ----------  --------------  -------------------
/opt/airflow/dags/example_dag.py    363  0.00s             1           0  0.08s           2025-09-02T01:25:59
================================================================================
[2025-09-02T01:26:59.470+0000] {manager.py:887} INFO - 
================================================================================
DAG File Processing Stats

File Path                           PID  Runtime      # DAGs    # Errors  Last Runtime    Last Run
--------------------------------  -----  ---------  --------  ----------  --------------  -------------------
/opt/airflow/dags/example_dag.py    368  0.00s             1           0  0.09s           2025-09-02T01:26:29
================================================================================
[2025-09-02T01:27:29.590+0000] {manager.py:887} INFO - 
================================================================================
DAG File Processing Stats

File Path                           PID  Runtime      # DAGs    # Errors  Last Runtime    Last Run
--------------------------------  -----  ---------  --------  ----------  --------------  -------------------
/opt/airflow/dags/example_dag.py    373  0.00s             1           0  0.08s           2025-09-02T01:26:59
================================================================================
[2025-09-02T01:27:59.736+0000] {manager.py:887} INFO - 
================================================================================
DAG File Processing Stats

File Path                           PID  Runtime      # DAGs    # Errors  Last Runtime    Last Run
--------------------------------  -----  ---------  --------  ----------  --------------  -------------------
/opt/airflow/dags/example_dag.py    378  0.00s             1           0  0.09s           2025-09-02T01:27:29
================================================================================
[2025-09-02T01:28:29.850+0000] {manager.py:887} INFO - 
================================================================================
DAG File Processing Stats

File Path                           PID  Runtime      # DAGs    # Errors  Last Runtime    Last Run
--------------------------------  -----  ---------  --------  ----------  --------------  -------------------
/opt/airflow/dags/example_dag.py    383  0.00s             1           0  0.11s           2025-09-02T01:27:59
================================================================================
[2025-09-02T01:28:55.000+0000] {manager.py:755} INFO - Searching for files in /opt/airflow/dags
[2025-09-02T01:28:55.001+0000] {manager.py:758} INFO - There are 1 files in /opt/airflow/dags
[2025-09-02T01:29:00.035+0000] {manager.py:887} INFO - 
================================================================================
DAG File Processing Stats

File Path                           PID  Runtime      # DAGs    # Errors  Last Runtime    Last Run
--------------------------------  -----  ---------  --------  ----------  --------------  -------------------
/opt/airflow/dags/example_dag.py    388  0.00s             1           0  0.08s           2025-09-02T01:28:29
================================================================================
[2025-09-02T01:29:30.155+0000] {manager.py:887} INFO - 
================================================================================
DAG File Processing Stats

File Path                           PID  Runtime      # DAGs    # Errors  Last Runtime    Last Run
--------------------------------  -----  ---------  --------  ----------  --------------  -------------------
/opt/airflow/dags/example_dag.py    393  0.00s             1           0  0.09s           2025-09-02T01:29:00
================================================================================
[2025-09-02T01:30:00.320+0000] {manager.py:887} INFO - 
================================================================================
DAG File Processing Stats

File Path                           PID  Runtime      # DAGs    # Errors  Last Runtime    Last Run
--------------------------------  -----  ---------  --------  ----------  --------------  -------------------
/opt/airflow/dags/example_dag.py    398  0.00s             1           0  0.09s           2025-09-02T01:29:30
================================================================================
[2025-09-02T01:30:30.449+0000] {manager.py:887} INFO - 
================================================================================
DAG File Processing Stats

File Path                           PID  Runtime      # DAGs    # Errors  Last Runtime    Last Run
--------------------------------  -----  ---------  --------  ----------  --------------  -------------------
/opt/airflow/dags/example_dag.py    403  0.01s             1           0  0.09s           2025-09-02T01:30:00
================================================================================
[2025-09-02T01:31:00.606+0000] {manager.py:887} INFO - 
================================================================================
DAG File Processing Stats

File Path                           PID  Runtime      # DAGs    # Errors  Last Runtime    Last Run
--------------------------------  -----  ---------  --------  ----------  --------------  -------------------
/opt/airflow/dags/example_dag.py    408  0.01s             1           0  0.12s           2025-09-02T01:30:30
================================================================================
[2025-09-02T01:31:30.746+0000] {manager.py:887} INFO - 
================================================================================
DAG File Processing Stats

File Path                           PID  Runtime      # DAGs    # Errors  Last Runtime    Last Run
--------------------------------  -----  ---------  --------  ----------  --------------  -------------------
/opt/airflow/dags/example_dag.py    413  0.00s             1           0  0.13s           2025-09-02T01:31:00
================================================================================
[2025-09-02T01:32:00.913+0000] {manager.py:887} INFO - 
================================================================================
DAG File Processing Stats

File Path                           PID  Runtime      # DAGs    # Errors  Last Runtime    Last Run
--------------------------------  -----  ---------  --------  ----------  --------------  -------------------
/opt/airflow/dags/example_dag.py    418  0.00s             1           0  0.08s           2025-09-02T01:31:30
================================================================================
[2025-09-02T01:32:31.038+0000] {manager.py:887} INFO - 
================================================================================
DAG File Processing Stats

File Path                           PID  Runtime      # DAGs    # Errors  Last Runtime    Last Run
--------------------------------  -----  ---------  --------  ----------  --------------  -------------------
/opt/airflow/dags/example_dag.py    423  0.00s             1           0  0.09s           2025-09-02T01:32:00
================================================================================
[2025-09-02T01:33:01.181+0000] {manager.py:887} INFO - 
================================================================================
DAG File Processing Stats

File Path                           PID  Runtime      # DAGs    # Errors  Last Runtime    Last Run
--------------------------------  -----  ---------  --------  ----------  --------------  -------------------
/opt/airflow/dags/example_dag.py    428  0.00s             1           0  0.08s           2025-09-02T01:32:31
================================================================================
[2025-09-02T01:33:31.307+0000] {manager.py:887} INFO - 
================================================================================
DAG File Processing Stats

File Path                           PID  Runtime      # DAGs    # Errors  Last Runtime    Last Run
--------------------------------  -----  ---------  --------  ----------  --------------  -------------------
/opt/airflow/dags/example_dag.py    433  0.00s             1           0  0.09s           2025-09-02T01:33:01
================================================================================
[2025-09-02T01:33:55.432+0000] {manager.py:755} INFO - Searching for files in /opt/airflow/dags
[2025-09-02T01:33:55.433+0000] {manager.py:758} INFO - There are 1 files in /opt/airflow/dags
[2025-09-02T01:34:01.467+0000] {manager.py:887} INFO - 
================================================================================
DAG File Processing Stats

File Path                           PID  Runtime      # DAGs    # Errors  Last Runtime    Last Run
--------------------------------  -----  ---------  --------  ----------  --------------  -------------------
/opt/airflow/dags/example_dag.py    438  0.00s             1           0  0.08s           2025-09-02T01:33:31
================================================================================
[2025-09-02T01:34:31.589+0000] {manager.py:887} INFO - 
================================================================================
DAG File Processing Stats

File Path                           PID  Runtime      # DAGs    # Errors  Last Runtime    Last Run
--------------------------------  -----  ---------  --------  ----------  --------------  -------------------
/opt/airflow/dags/example_dag.py    443  0.00s             1           0  0.08s           2025-09-02T01:34:01
================================================================================
[2025-09-02T01:35:01.729+0000] {manager.py:887} INFO - 
================================================================================
DAG File Processing Stats

File Path                           PID  Runtime      # DAGs    # Errors  Last Runtime    Last Run
--------------------------------  -----  ---------  --------  ----------  --------------  -------------------
/opt/airflow/dags/example_dag.py    448  0.00s             1           0  0.11s           2025-09-02T01:34:31
================================================================================
[2025-09-02T01:35:31.884+0000] {manager.py:887} INFO - 
================================================================================
DAG File Processing Stats

File Path                           PID  Runtime      # DAGs    # Errors  Last Runtime    Last Run
--------------------------------  -----  ---------  --------  ----------  --------------  -------------------
/opt/airflow/dags/example_dag.py    453  0.00s             1           0  0.09s           2025-09-02T01:35:01
================================================================================
[2025-09-02T01:36:02.015+0000] {manager.py:887} INFO - 
================================================================================
DAG File Processing Stats

File Path                           PID  Runtime      # DAGs    # Errors  Last Runtime    Last Run
--------------------------------  -----  ---------  --------  ----------  --------------  -------------------
/opt/airflow/dags/example_dag.py    458  0.00s             1           0  0.09s           2025-09-02T01:35:31
================================================================================
[2025-09-02T01:36:32.170+0000] {manager.py:887} INFO - 
================================================================================
DAG File Processing Stats

File Path                           PID  Runtime      # DAGs    # Errors  Last Runtime    Last Run
--------------------------------  -----  ---------  --------  ----------  --------------  -------------------
/opt/airflow/dags/example_dag.py    463  0.00s             1           0  0.09s           2025-09-02T01:36:02
================================================================================
[2025-09-02T01:37:02.287+0000] {manager.py:887} INFO - 
================================================================================
DAG File Processing Stats

File Path                           PID  Runtime      # DAGs    # Errors  Last Runtime    Last Run
--------------------------------  -----  ---------  --------  ----------  --------------  -------------------
/opt/airflow/dags/example_dag.py    468  0.00s             1           0  0.10s           2025-09-02T01:36:32
================================================================================
[2025-09-02T01:37:32.464+0000] {manager.py:887} INFO - 
================================================================================
DAG File Processing Stats

File Path                           PID  Runtime      # DAGs    # Errors  Last Runtime    Last Run
--------------------------------  -----  ---------  --------  ----------  --------------  -------------------
/opt/airflow/dags/example_dag.py    473  0.00s             1           0  0.09s           2025-09-02T01:37:02
================================================================================
[2025-09-02T01:38:02.592+0000] {manager.py:887} INFO - 
================================================================================
DAG File Processing Stats

File Path                           PID  Runtime      # DAGs    # Errors  Last Runtime    Last Run
--------------------------------  -----  ---------  --------  ----------  --------------  -------------------
/opt/airflow/dags/example_dag.py    478  0.00s             1           0  0.09s           2025-09-02T01:37:32
================================================================================
[2025-09-02T01:38:32.743+0000] {manager.py:887} INFO - 
================================================================================
DAG File Processing Stats

File Path                           PID  Runtime      # DAGs    # Errors  Last Runtime    Last Run
--------------------------------  -----  ---------  --------  ----------  --------------  -------------------
/opt/airflow/dags/example_dag.py    483  0.00s             1           0  0.10s           2025-09-02T01:38:02
================================================================================
[2025-09-02T01:38:55.839+0000] {manager.py:755} INFO - Searching for files in /opt/airflow/dags
[2025-09-02T01:38:55.840+0000] {manager.py:758} INFO - There are 1 files in /opt/airflow/dags
[2025-09-02T01:39:02.883+0000] {manager.py:887} INFO - 
================================================================================
DAG File Processing Stats

File Path                           PID  Runtime      # DAGs    # Errors  Last Runtime    Last Run
--------------------------------  -----  ---------  --------  ----------  --------------  -------------------
/opt/airflow/dags/example_dag.py    488  0.00s             1           0  0.09s           2025-09-02T01:38:32
================================================================================
[2025-09-02T01:39:33.014+0000] {manager.py:887} INFO - 
================================================================================
DAG File Processing Stats

File Path                           PID  Runtime      # DAGs    # Errors  Last Runtime    Last Run
--------------------------------  -----  ---------  --------  ----------  --------------  -------------------
/opt/airflow/dags/example_dag.py    493  0.00s             1           0  0.09s           2025-09-02T01:39:02
================================================================================
[2025-09-02T01:40:03.144+0000] {manager.py:887} INFO - 
================================================================================
DAG File Processing Stats

File Path                           PID  Runtime      # DAGs    # Errors  Last Runtime    Last Run
--------------------------------  -----  ---------  --------  ----------  --------------  -------------------
/opt/airflow/dags/example_dag.py    498  0.00s             1           0  0.08s           2025-09-02T01:39:33
================================================================================
[2025-09-02T01:40:33.274+0000] {manager.py:887} INFO - 
================================================================================
DAG File Processing Stats

File Path                           PID  Runtime      # DAGs    # Errors  Last Runtime    Last Run
--------------------------------  -----  ---------  --------  ----------  --------------  -------------------
/opt/airflow/dags/example_dag.py    503  0.00s             1           0  0.08s           2025-09-02T01:40:03
================================================================================
[2025-09-02T01:41:03.405+0000] {manager.py:887} INFO - 
================================================================================
DAG File Processing Stats

File Path                           PID  Runtime      # DAGs    # Errors  Last Runtime    Last Run
--------------------------------  -----  ---------  --------  ----------  --------------  -------------------
/opt/airflow/dags/example_dag.py    508  0.00s             1           0  0.08s           2025-09-02T01:40:33
================================================================================
[2025-09-02T01:41:33.548+0000] {manager.py:887} INFO - 
================================================================================
DAG File Processing Stats

File Path                           PID  Runtime      # DAGs    # Errors  Last Runtime    Last Run
--------------------------------  -----  ---------  --------  ----------  --------------  -------------------
/opt/airflow/dags/example_dag.py    513  0.01s             1           0  0.08s           2025-09-02T01:41:03
================================================================================
[2025-09-02T01:42:03.675+0000] {manager.py:887} INFO - 
================================================================================
DAG File Processing Stats

File Path                         PID    Runtime      # DAGs    # Errors  Last Runtime    Last Run
--------------------------------  -----  ---------  --------  ----------  --------------  -------------------
/opt/airflow/dags/example_dag.py                           1           0  0.17s           2025-09-02T01:41:33
================================================================================
[2025-09-02T01:42:33.926+0000] {manager.py:887} INFO - 
================================================================================
DAG File Processing Stats

File Path                           PID  Runtime      # DAGs    # Errors  Last Runtime    Last Run
--------------------------------  -----  ---------  --------  ----------  --------------  -------------------
/opt/airflow/dags/example_dag.py    523  0.00s             1           0  0.08s           2025-09-02T01:42:03
================================================================================
[2025-09-02T01:43:04.076+0000] {manager.py:887} INFO - 
================================================================================
DAG File Processing Stats

File Path                           PID  Runtime      # DAGs    # Errors  Last Runtime    Last Run
--------------------------------  -----  ---------  --------  ----------  --------------  -------------------
/opt/airflow/dags/example_dag.py    528  0.00s             1           0  0.08s           2025-09-02T01:42:34
================================================================================
[2025-09-02T01:43:34.200+0000] {manager.py:887} INFO - 
================================================================================
DAG File Processing Stats

File Path                           PID  Runtime      # DAGs    # Errors  Last Runtime    Last Run
--------------------------------  -----  ---------  --------  ----------  --------------  -------------------
/opt/airflow/dags/example_dag.py    533  0.00s             1           0  0.11s           2025-09-02T01:43:04
================================================================================
[2025-09-02T01:43:56.337+0000] {manager.py:755} INFO - Searching for files in /opt/airflow/dags
[2025-09-02T01:43:56.338+0000] {manager.py:758} INFO - There are 1 files in /opt/airflow/dags
[2025-09-02T01:44:04.378+0000] {manager.py:887} INFO - 
================================================================================
DAG File Processing Stats

File Path                           PID  Runtime      # DAGs    # Errors  Last Runtime    Last Run
--------------------------------  -----  ---------  --------  ----------  --------------  -------------------
/opt/airflow/dags/example_dag.py    538  0.00s             1           0  0.09s           2025-09-02T01:43:34
================================================================================
[2025-09-02T01:44:34.496+0000] {manager.py:887} INFO - 
================================================================================
DAG File Processing Stats

File Path                           PID  Runtime      # DAGs    # Errors  Last Runtime    Last Run
--------------------------------  -----  ---------  --------  ----------  --------------  -------------------
/opt/airflow/dags/example_dag.py    543  0.00s             1           0  0.08s           2025-09-02T01:44:04
================================================================================
[2025-09-02T01:45:04.657+0000] {manager.py:887} INFO - 
================================================================================
DAG File Processing Stats

File Path                           PID  Runtime      # DAGs    # Errors  Last Runtime    Last Run
--------------------------------  -----  ---------  --------  ----------  --------------  -------------------
/opt/airflow/dags/example_dag.py    548  0.00s             1           0  0.08s           2025-09-02T01:44:34
================================================================================
[2025-09-02T01:45:34.781+0000] {manager.py:887} INFO - 
================================================================================
DAG File Processing Stats

File Path                           PID  Runtime      # DAGs    # Errors  Last Runtime    Last Run
--------------------------------  -----  ---------  --------  ----------  --------------  -------------------
/opt/airflow/dags/example_dag.py    553  0.00s             1           0  0.09s           2025-09-02T01:45:04
================================================================================
[2025-09-02T01:46:04.922+0000] {manager.py:887} INFO - 
================================================================================
DAG File Processing Stats

File Path                           PID  Runtime      # DAGs    # Errors  Last Runtime    Last Run
--------------------------------  -----  ---------  --------  ----------  --------------  -------------------
/opt/airflow/dags/example_dag.py    558  0.00s             1           0  0.12s           2025-09-02T01:45:34
================================================================================
[2025-09-02T01:46:35.081+0000] {manager.py:887} INFO - 
================================================================================
DAG File Processing Stats

File Path                           PID  Runtime      # DAGs    # Errors  Last Runtime    Last Run
--------------------------------  -----  ---------  --------  ----------  --------------  -------------------
/opt/airflow/dags/example_dag.py    563  0.00s             1           0  0.08s           2025-09-02T01:46:05
================================================================================
[2025-09-02T01:47:05.207+0000] {manager.py:887} INFO - 
================================================================================
DAG File Processing Stats

File Path                           PID  Runtime      # DAGs    # Errors  Last Runtime    Last Run
--------------------------------  -----  ---------  --------  ----------  --------------  -------------------
/opt/airflow/dags/example_dag.py    568  0.00s             1           0  0.09s           2025-09-02T01:46:35
================================================================================
[2025-09-02T01:47:35.363+0000] {manager.py:887} INFO - 
================================================================================
DAG File Processing Stats

File Path                           PID  Runtime      # DAGs    # Errors  Last Runtime    Last Run
--------------------------------  -----  ---------  --------  ----------  --------------  -------------------
/opt/airflow/dags/example_dag.py    573  0.00s             1           0  0.09s           2025-09-02T01:47:05
================================================================================
[2025-09-02T01:48:05.485+0000] {manager.py:887} INFO - 
================================================================================
DAG File Processing Stats

File Path                           PID  Runtime      # DAGs    # Errors  Last Runtime    Last Run
--------------------------------  -----  ---------  --------  ----------  --------------  -------------------
/opt/airflow/dags/example_dag.py    578  0.00s             1           0  0.08s           2025-09-02T01:47:35
================================================================================
[2025-09-02T01:48:35.631+0000] {manager.py:887} INFO - 
================================================================================
DAG File Processing Stats

File Path                           PID  Runtime      # DAGs    # Errors  Last Runtime    Last Run
--------------------------------  -----  ---------  --------  ----------  --------------  -------------------
/opt/airflow/dags/example_dag.py    583  0.00s             1           0  0.08s           2025-09-02T01:48:05
================================================================================
[2025-09-02T01:48:56.719+0000] {manager.py:755} INFO - Searching for files in /opt/airflow/dags
[2025-09-02T01:48:56.720+0000] {manager.py:758} INFO - There are 1 files in /opt/airflow/dags
[2025-09-02T01:49:05.771+0000] {manager.py:887} INFO - 
================================================================================
DAG File Processing Stats

File Path                           PID  Runtime      # DAGs    # Errors  Last Runtime    Last Run
--------------------------------  -----  ---------  --------  ----------  --------------  -------------------
/opt/airflow/dags/example_dag.py    588  0.01s             1           0  0.08s           2025-09-02T01:48:35
================================================================================
[2025-09-02T01:49:35.912+0000] {manager.py:887} INFO - 
================================================================================
DAG File Processing Stats

File Path                           PID  Runtime      # DAGs    # Errors  Last Runtime    Last Run
--------------------------------  -----  ---------  --------  ----------  --------------  -------------------
/opt/airflow/dags/example_dag.py    593  0.00s             1           0  0.09s           2025-09-02T01:49:05
================================================================================
[2025-09-02T01:50:06.086+0000] {manager.py:887} INFO - 
================================================================================
DAG File Processing Stats

File Path                           PID  Runtime      # DAGs    # Errors  Last Runtime    Last Run
--------------------------------  -----  ---------  --------  ----------  --------------  -------------------
/opt/airflow/dags/example_dag.py    598  0.00s             1           0  0.09s           2025-09-02T01:49:36
================================================================================
[2025-09-02T01:50:36.213+0000] {manager.py:887} INFO - 
================================================================================
DAG File Processing Stats

File Path                           PID  Runtime      # DAGs    # Errors  Last Runtime    Last Run
--------------------------------  -----  ---------  --------  ----------  --------------  -------------------
/opt/airflow/dags/example_dag.py    603  0.01s             1           0  0.09s           2025-09-02T01:50:06
================================================================================
[2025-09-02T01:51:06.369+0000] {manager.py:887} INFO - 
================================================================================
DAG File Processing Stats

File Path                           PID  Runtime      # DAGs    # Errors  Last Runtime    Last Run
--------------------------------  -----  ---------  --------  ----------  --------------  -------------------
/opt/airflow/dags/example_dag.py    608  0.00s             1           0  0.08s           2025-09-02T01:50:36
================================================================================
[2025-09-02T01:51:36.501+0000] {manager.py:887} INFO - 
================================================================================
DAG File Processing Stats

File Path                           PID  Runtime      # DAGs    # Errors  Last Runtime    Last Run
--------------------------------  -----  ---------  --------  ----------  --------------  -------------------
/opt/airflow/dags/example_dag.py    613  0.00s             1           0  0.08s           2025-09-02T01:51:06
================================================================================
[2025-09-02T01:52:06.628+0000] {manager.py:887} INFO - 
================================================================================
DAG File Processing Stats

File Path                           PID  Runtime      # DAGs    # Errors  Last Runtime    Last Run
--------------------------------  -----  ---------  --------  ----------  --------------  -------------------
/opt/airflow/dags/example_dag.py    618  0.00s             1           0  0.11s           2025-09-02T01:51:36
================================================================================
[2025-09-02T01:52:36.786+0000] {manager.py:887} INFO - 
================================================================================
DAG File Processing Stats

File Path                           PID  Runtime      # DAGs    # Errors  Last Runtime    Last Run
--------------------------------  -----  ---------  --------  ----------  --------------  -------------------
/opt/airflow/dags/example_dag.py    623  0.00s             1           0  0.09s           2025-09-02T01:52:06
================================================================================
[2025-09-02T01:53:06.906+0000] {manager.py:887} INFO - 
================================================================================
DAG File Processing Stats

File Path                           PID  Runtime      # DAGs    # Errors  Last Runtime    Last Run
--------------------------------  -----  ---------  --------  ----------  --------------  -------------------
/opt/airflow/dags/example_dag.py    628  0.00s             1           0  0.09s           2025-09-02T01:52:36
================================================================================
[2025-09-02T01:55:35.115+0000] {manager.py:487} INFO - Processing files using up to 2 processes at a time 
[2025-09-02T01:55:35.136+0000] {manager.py:488} INFO - Process each file at most once every 30 seconds
[2025-09-02T01:55:35.137+0000] {manager.py:489} INFO - Checking for new files in /opt/airflow/dags every 300 seconds
[2025-09-02T01:55:35.137+0000] {manager.py:755} INFO - Searching for files in /opt/airflow/dags
[2025-09-02T01:55:35.141+0000] {manager.py:758} INFO - There are 1 files in /opt/airflow/dags
[2025-09-02T01:55:35.294+0000] {manager.py:887} INFO - 
================================================================================
DAG File Processing Stats

File Path                           PID  Runtime      # DAGs    # Errors  Last Runtime    Last Run
--------------------------------  -----  ---------  --------  ----------  --------------  ----------
/opt/airflow/dags/example_dag.py    160  0.06s             0           0
================================================================================
[2025-09-02T01:56:05.418+0000] {manager.py:887} INFO - 
================================================================================
DAG File Processing Stats

File Path                           PID  Runtime      # DAGs    # Errors  Last Runtime    Last Run
--------------------------------  -----  ---------  --------  ----------  --------------  -------------------
/opt/airflow/dags/example_dag.py    166  0.00s             1           0  0.18s           2025-09-02T01:55:35
================================================================================
[2025-09-02T01:56:35.547+0000] {manager.py:887} INFO - 
================================================================================
DAG File Processing Stats

File Path                           PID  Runtime      # DAGs    # Errors  Last Runtime    Last Run
--------------------------------  -----  ---------  --------  ----------  --------------  -------------------
/opt/airflow/dags/example_dag.py    171  0.00s             1           0  0.10s           2025-09-02T01:56:05
================================================================================
[2025-09-02T01:57:05.710+0000] {manager.py:887} INFO - 
================================================================================
DAG File Processing Stats

File Path                           PID  Runtime      # DAGs    # Errors  Last Runtime    Last Run
--------------------------------  -----  ---------  --------  ----------  --------------  -------------------
/opt/airflow/dags/example_dag.py    176  0.00s             1           0  0.08s           2025-09-02T01:56:35
================================================================================
[2025-09-02T01:57:35.840+0000] {manager.py:887} INFO - 
================================================================================
DAG File Processing Stats

File Path                           PID  Runtime      # DAGs    # Errors  Last Runtime    Last Run
--------------------------------  -----  ---------  --------  ----------  --------------  -------------------
/opt/airflow/dags/example_dag.py    181  0.01s             1           0  0.09s           2025-09-02T01:57:05
================================================================================
[2025-09-02T01:58:06.054+0000] {manager.py:887} INFO - 
================================================================================
DAG File Processing Stats

File Path                           PID  Runtime      # DAGs    # Errors  Last Runtime    Last Run
--------------------------------  -----  ---------  --------  ----------  --------------  -------------------
/opt/airflow/dags/example_dag.py    186  0.01s             1           0  0.12s           2025-09-02T01:57:35
================================================================================
[2025-09-02T01:58:36.227+0000] {manager.py:887} INFO - 
================================================================================
DAG File Processing Stats

File Path                           PID  Runtime      # DAGs    # Errors  Last Runtime    Last Run
--------------------------------  -----  ---------  --------  ----------  --------------  -------------------
/opt/airflow/dags/example_dag.py    191  0.00s             1           0  0.16s           2025-09-02T01:58:06
================================================================================
[2025-09-02T01:59:06.343+0000] {manager.py:887} INFO - 
================================================================================
DAG File Processing Stats

File Path                           PID  Runtime      # DAGs    # Errors  Last Runtime    Last Run
--------------------------------  -----  ---------  --------  ----------  --------------  -------------------
/opt/airflow/dags/example_dag.py    196  0.00s             1           0  0.08s           2025-09-02T01:58:36
================================================================================
[2025-09-02T01:59:36.499+0000] {manager.py:887} INFO - 
================================================================================
DAG File Processing Stats

File Path                           PID  Runtime      # DAGs    # Errors  Last Runtime    Last Run
--------------------------------  -----  ---------  --------  ----------  --------------  -------------------
/opt/airflow/dags/example_dag.py    201  0.01s             1           0  0.08s           2025-09-02T01:59:06
================================================================================
[2025-09-02T02:00:06.645+0000] {manager.py:887} INFO - 
================================================================================
DAG File Processing Stats

File Path                           PID  Runtime      # DAGs    # Errors  Last Runtime    Last Run
--------------------------------  -----  ---------  --------  ----------  --------------  -------------------
/opt/airflow/dags/example_dag.py    206  0.00s             1           0  0.11s           2025-09-02T01:59:36
================================================================================
[2025-09-02T02:00:35.788+0000] {manager.py:755} INFO - Searching for files in /opt/airflow/dags
[2025-09-02T02:00:35.789+0000] {manager.py:758} INFO - There are 2 files in /opt/airflow/dags
[2025-09-02T02:00:36.830+0000] {manager.py:887} INFO - 
================================================================================
DAG File Processing Stats

File Path                                PID  Runtime      # DAGs    # Errors  Last Runtime    Last Run
-------------------------------------  -----  ---------  --------  ----------  --------------  -------------------
/opt/airflow/dags/intermediate_dag.py                           1           0  0.35s           2025-09-02T02:00:36
/opt/airflow/dags/example_dag.py         216  0.00s             1           0  0.08s           2025-09-02T02:00:06
================================================================================
[2025-09-02T02:01:06.950+0000] {manager.py:887} INFO - 
================================================================================
DAG File Processing Stats

File Path                                PID  Runtime      # DAGs    # Errors  Last Runtime    Last Run
-------------------------------------  -----  ---------  --------  ----------  --------------  -------------------
/opt/airflow/dags/intermediate_dag.py    221  0.01s             1           0  0.35s           2025-09-02T02:00:36
/opt/airflow/dags/example_dag.py         224  0.00s             1           0  0.08s           2025-09-02T02:00:36
================================================================================
[2025-09-02T02:01:37.173+0000] {manager.py:887} INFO - 
================================================================================
DAG File Processing Stats

File Path                                PID  Runtime      # DAGs    # Errors  Last Runtime    Last Run
-------------------------------------  -----  ---------  --------  ----------  --------------  -------------------
/opt/airflow/dags/intermediate_dag.py    231  0.01s             1           0  0.11s           2025-09-02T02:01:07
/opt/airflow/dags/example_dag.py         234  0.00s             1           0  0.12s           2025-09-02T02:01:07
================================================================================
[2025-09-02T02:02:07.420+0000] {manager.py:887} INFO - 
================================================================================
DAG File Processing Stats

File Path                                PID  Runtime      # DAGs    # Errors  Last Runtime    Last Run
-------------------------------------  -----  ---------  --------  ----------  --------------  -------------------
/opt/airflow/dags/intermediate_dag.py    241  0.01s             1           0  0.14s           2025-09-02T02:01:37
/opt/airflow/dags/example_dag.py         244  0.01s             1           0  0.15s           2025-09-02T02:01:37
================================================================================
[2025-09-02T02:02:37.651+0000] {manager.py:887} INFO - 
================================================================================
DAG File Processing Stats

File Path                                PID  Runtime      # DAGs    # Errors  Last Runtime    Last Run
-------------------------------------  -----  ---------  --------  ----------  --------------  -------------------
/opt/airflow/dags/intermediate_dag.py    251  0.01s             1           0  0.12s           2025-09-02T02:02:07
/opt/airflow/dags/example_dag.py         254  0.00s             1           0  0.13s           2025-09-02T02:02:07
================================================================================
[2025-09-02T02:03:07.885+0000] {manager.py:887} INFO - 
================================================================================
DAG File Processing Stats

File Path                                PID  Runtime      # DAGs    # Errors  Last Runtime    Last Run
-------------------------------------  -----  ---------  --------  ----------  --------------  -------------------
/opt/airflow/dags/intermediate_dag.py    261  0.01s             1           0  0.12s           2025-09-02T02:02:37
/opt/airflow/dags/example_dag.py         264  0.00s             1           0  0.13s           2025-09-02T02:02:37
================================================================================
[2025-09-02T02:03:38.137+0000] {manager.py:887} INFO - 
================================================================================
DAG File Processing Stats

File Path                                PID  Runtime      # DAGs    # Errors  Last Runtime    Last Run
-------------------------------------  -----  ---------  --------  ----------  --------------  -------------------
/opt/airflow/dags/intermediate_dag.py    271  0.02s             1           0  0.12s           2025-09-02T02:03:07
/opt/airflow/dags/example_dag.py         274  0.01s             1           0  0.14s           2025-09-02T02:03:08
================================================================================
[2025-09-02T02:04:08.364+0000] {manager.py:887} INFO - 
================================================================================
DAG File Processing Stats

File Path                                PID  Runtime      # DAGs    # Errors  Last Runtime    Last Run
-------------------------------------  -----  ---------  --------  ----------  --------------  -------------------
/opt/airflow/dags/intermediate_dag.py    281  0.02s             1           0  0.13s           2025-09-02T02:03:38
/opt/airflow/dags/example_dag.py         284  0.01s             1           0  0.12s           2025-09-02T02:03:38
================================================================================
[2025-09-02T02:04:38.654+0000] {manager.py:887} INFO - 
================================================================================
DAG File Processing Stats

File Path                                PID  Runtime      # DAGs    # Errors  Last Runtime    Last Run
-------------------------------------  -----  ---------  --------  ----------  --------------  -------------------
/opt/airflow/dags/intermediate_dag.py    291  0.01s             1           0  0.18s           2025-09-02T02:04:08
/opt/airflow/dags/example_dag.py         294  0.01s             1           0  0.17s           2025-09-02T02:04:08
================================================================================
[2025-09-02T02:05:08.866+0000] {manager.py:887} INFO - 
================================================================================
DAG File Processing Stats

File Path                                PID  Runtime      # DAGs    # Errors  Last Runtime    Last Run
-------------------------------------  -----  ---------  --------  ----------  --------------  -------------------
/opt/airflow/dags/intermediate_dag.py    301  0.01s             1           0  0.11s           2025-09-02T02:04:38
/opt/airflow/dags/example_dag.py         304  0.01s             1           0  0.12s           2025-09-02T02:04:38
================================================================================
[2025-09-02T02:05:32.195+0000] {manager.py:469} INFO - Exiting gracefully upon receiving signal 15
[2025-09-02T02:05:39.541+0000] {manager.py:487} INFO - Processing files using up to 2 processes at a time 
[2025-09-02T02:05:39.543+0000] {manager.py:488} INFO - Process each file at most once every 30 seconds
[2025-09-02T02:05:39.543+0000] {manager.py:489} INFO - Checking for new files in /opt/airflow/dags every 300 seconds
[2025-09-02T02:05:39.544+0000] {manager.py:755} INFO - Searching for files in /opt/airflow/dags
[2025-09-02T02:05:39.546+0000] {manager.py:758} INFO - There are 3 files in /opt/airflow/dags
[2025-09-02T02:05:39.635+0000] {manager.py:887} INFO - 
================================================================================
DAG File Processing Stats

File Path                                PID  Runtime      # DAGs    # Errors  Last Runtime    Last Run
-------------------------------------  -----  ---------  --------  ----------  --------------  ----------
/opt/airflow/dags/etl_dag.py             161  0.05s             0           0
/opt/airflow/dags/intermediate_dag.py    164  0.04s             0           0
/opt/airflow/dags/example_dag.py                                0           0
================================================================================
[2025-09-02T02:06:10.090+0000] {manager.py:887} INFO - 
================================================================================
DAG File Processing Stats

File Path                                PID  Runtime      # DAGs    # Errors  Last Runtime    Last Run
-------------------------------------  -----  ---------  --------  ----------  --------------  -------------------
/opt/airflow/dags/etl_dag.py                                    1           0  1.89s           2025-09-02T02:05:41
/opt/airflow/dags/intermediate_dag.py    177  0.01s             1           0  0.17s           2025-09-02T02:05:39
/opt/airflow/dags/example_dag.py         180  0.01s             1           0  0.20s           2025-09-02T02:05:39
================================================================================
[2025-09-02T02:06:13.216+0000] {manager.py:1137} WARNING - Skipping processing of missing file: /opt/airflow/dags/intermediate_dag.py
[2025-09-02T02:06:40.320+0000] {manager.py:887} INFO - 
================================================================================
DAG File Processing Stats

File Path                           PID  Runtime      # DAGs    # Errors  Last Runtime    Last Run
--------------------------------  -----  ---------  --------  ----------  --------------  -------------------
/opt/airflow/dags/etl_dag.py                               1           0  0.45s           2025-09-02T02:06:12
/opt/airflow/dags/example_dag.py    193  0.00s             1           0  0.12s           2025-09-02T02:06:10
================================================================================
